[I 241001 17:41:09 webSocket:51] WebSocket connection opened
[I 241001 17:41:09 webSocket:48] Ticks: {'subscription_mode': 1, 'exchange_type': 1, 'token': '26000', 'sequence_number': 18958368, 'exchange_timestamp': 1727779111000, 'last_traded_price': 2579690, 'subscription_mode_val': 'LTP'}
[I 241001 17:41:09 webSocket:48] Ticks: {'subscription_mode': 1, 'exchange_type': 1, 'token': '26009', 'sequence_number': 18958334, 'exchange_timestamp': 1727779111000, 'last_traded_price': 5292260, 'subscription_mode_val': 'LTP'}
[I 241001 17:54:34 webSocket:52] WebSocket connection opened
[I 241001 17:54:34 webSocket:49] Ticks: {'subscription_mode': 1, 'exchange_type': 1, 'token': '26000', 'sequence_number': 18958368, 'exchange_timestamp': 1727779111000, 'last_traded_price': 2579690, 'subscription_mode_val': 'LTP'}
[I 241001 17:54:34 webSocket:49] Ticks: {'subscription_mode': 1, 'exchange_type': 1, 'token': '26009', 'sequence_number': 18958334, 'exchange_timestamp': 1727779111000, 'last_traded_price': 5292260, 'subscription_mode_val': 'LTP'}
[W 241001 17:54:44 smartWebSocketV2:319] Attempting to resubscribe/reconnect (Attempt 1)...
[I 241001 17:54:54 webSocket:52] WebSocket connection opened
[I 241001 17:54:54 webSocket:49] Ticks: {'subscription_mode': 1, 'exchange_type': 1, 'token': '26000', 'sequence_number': 18958368, 'exchange_timestamp': 1727779111000, 'last_traded_price': 2579690, 'subscription_mode_val': 'LTP'}
[I 241001 17:54:54 webSocket:49] Ticks: {'subscription_mode': 1, 'exchange_type': 1, 'token': '26009', 'sequence_number': 18958334, 'exchange_timestamp': 1727779111000, 'last_traded_price': 5292260, 'subscription_mode_val': 'LTP'}
[I 241001 17:55:11 webSocket:52] WebSocket connection opened
[W 241001 17:55:21 smartWebSocketV2:319] Attempting to resubscribe/reconnect (Attempt 1)...
[I 241001 17:55:31 webSocket:52] WebSocket connection opened
[I 241001 17:56:54 webSocket:55] WebSocket connection opened
[I 241001 17:56:54 webSocket:52] Ticks: {'subscription_mode': 1, 'exchange_type': 1, 'token': '26000', 'sequence_number': 18958368, 'exchange_timestamp': 1727779111000, 'last_traded_price': 2579690, 'subscription_mode_val': 'LTP'}
[I 241001 17:56:54 webSocket:52] Ticks: {'subscription_mode': 1, 'exchange_type': 1, 'token': '26009', 'sequence_number': 18958334, 'exchange_timestamp': 1727779111000, 'last_traded_price': 5292260, 'subscription_mode_val': 'LTP'}
[W 241001 17:57:04 smartWebSocketV2:319] Attempting to resubscribe/reconnect (Attempt 1)...
[I 241001 17:57:14 webSocket:55] WebSocket connection opened
[I 241001 17:57:14 webSocket:52] Ticks: {'subscription_mode': 1, 'exchange_type': 1, 'token': '26000', 'sequence_number': 18958368, 'exchange_timestamp': 1727779111000, 'last_traded_price': 2579690, 'subscription_mode_val': 'LTP'}
[I 241001 17:57:14 webSocket:52] Ticks: {'subscription_mode': 1, 'exchange_type': 1, 'token': '26009', 'sequence_number': 18958334, 'exchange_timestamp': 1727779111000, 'last_traded_price': 5292260, 'subscription_mode_val': 'LTP'}
[I 241001 18:12:59 webSocket2:63] on open
[I 241001 18:12:59 webSocket2:59] Ticks: {'subscription_mode': 1, 'exchange_type': 1, 'token': '26009', 'sequence_number': 18958334, 'exchange_timestamp': 1727779111000, 'last_traded_price': 5292260, 'subscription_mode_val': 'LTP'}
[I 241001 18:47:48 webSocket:56] WebSocket connection opened
[I 241001 18:50:53 webSocket:56] WebSocket connection opened
[I 241001 18:52:13 webSocket:56] WebSocket connection opened
[I 241001 18:53:05 webSocket:56] WebSocket connection opened
[I 241001 18:53:05 webSocket:53] Ticks: {'subscription_mode': 1, 'exchange_type': 5, 'token': '244999', 'sequence_number': 12759, 'exchange_timestamp': 1674178057641, 'last_traded_price': 655300, 'subscription_mode_val': 'LTP'}
[I 241001 18:54:04 webSocket:56] WebSocket connection opened
[I 241001 18:54:04 webSocket:53] Ticks: {'subscription_mode': 1, 'exchange_type': 5, 'token': '244999', 'sequence_number': 12759, 'exchange_timestamp': 1674178057641, 'last_traded_price': 655300, 'subscription_mode_val': 'LTP'}
[I 241001 19:14:04 webSocket:56] WebSocket connection opened
[I 241001 19:14:04 webSocket:53] Ticks: {'subscription_mode': 1, 'exchange_type': 5, 'token': '244999', 'sequence_number': 12759, 'exchange_timestamp': 1674178057641, 'last_traded_price': 655300, 'subscription_mode_val': 'LTP'}
