[I 241025 11:44:59 webSocket:114] on open
[I 241025 18:18:46 webSocket:114] on open
[I 241025 18:53:20 webSocket:114] on open
[I 241025 19:00:30 webSocket:114] on open
[I 241025 19:11:42 webSocket:114] on open
[I 241025 19:58:17 webSocket:114] on open
[I 241025 19:58:25 smartConnect:124] in pool
[I 241025 19:58:27 webSocket:114] on open
[I 241025 19:58:41 smartConnect:124] in pool
[I 241025 19:58:43 webSocket:114] on open
[I 241025 19:58:54 smartConnect:124] in pool
[W 241025 19:58:56 smartWebSocketV2:319] Attempting to resubscribe/reconnect (Attempt 1)...
[I 241025 19:59:04 smartConnect:124] in pool
[W 241025 19:59:05 smartWebSocketV2:319] Attempting to resubscribe/reconnect (Attempt 1)...
[W 241025 19:59:06 smartWebSocketV2:319] Attempting to resubscribe/reconnect (Attempt 2)...
[I 241025 19:59:14 smartConnect:124] in pool
[W 241025 19:59:16 smartWebSocketV2:319] Attempting to resubscribe/reconnect (Attempt 2)...
[W 241025 19:59:16 smartWebSocketV2:319] Attempting to resubscribe/reconnect (Attempt 1)...
[W 241025 19:59:16 smartWebSocketV2:319] Attempting to resubscribe/reconnect (Attempt 3)...
[W 241025 19:59:26 smartWebSocketV2:319] Attempting to resubscribe/reconnect (Attempt 3)...
[W 241025 19:59:26 smartWebSocketV2:319] Attempting to resubscribe/reconnect (Attempt 2)...
[W 241025 19:59:26 smartWebSocketV2:319] Attempting to resubscribe/reconnect (Attempt 4)...
[I 241025 19:59:27 smartConnect:124] in pool
[W 241025 19:59:29 smartWebSocketV2:319] Attempting to resubscribe/reconnect (Attempt 1)...
[W 241025 19:59:36 smartWebSocketV2:319] Attempting to resubscribe/reconnect (Attempt 4)...
[W 241025 19:59:37 smartWebSocketV2:319] Attempting to resubscribe/reconnect (Attempt 3)...
[W 241025 19:59:37 smartWebSocketV2:319] Attempting to resubscribe/reconnect (Attempt 5)...
[W 241025 19:59:39 smartWebSocketV2:319] Attempting to resubscribe/reconnect (Attempt 2)...
[I 241025 19:59:40 smartConnect:124] in pool
[W 241025 19:59:42 smartWebSocketV2:319] Attempting to resubscribe/reconnect (Attempt 1)...
[W 241025 19:59:47 smartWebSocketV2:319] Attempting to resubscribe/reconnect (Attempt 5)...
[W 241025 19:59:47 smartWebSocketV2:319] Attempting to resubscribe/reconnect (Attempt 4)...
[E 241025 19:59:48 webSocket:79] ---------Connection Error Connection closed-----------
[W 241025 19:59:48 smartWebSocketV2:343] Connection closed due to max retry attempts reached.
[E 241025 19:59:48 webSocket:79] ---------Connection Error Connection closed-----------
[W 241025 19:59:48 smartWebSocketV2:343] Connection closed due to max retry attempts reached.
[E 241025 19:59:48 webSocket:79] ---------Connection Error Connection closed-----------
[W 241025 19:59:48 smartWebSocketV2:343] Connection closed due to max retry attempts reached.
[E 241025 19:59:48 webSocket:79] ---------Connection Error Connection closed-----------
[W 241025 19:59:48 smartWebSocketV2:343] Connection closed due to max retry attempts reached.
[E 241025 19:59:48 webSocket:79] ---------Connection Error Connection closed-----------
[W 241025 19:59:48 smartWebSocketV2:343] Connection closed due to max retry attempts reached.
[E 241025 19:59:48 webSocket:79] ---------Connection Error Connection closed-----------
[W 241025 19:59:48 smartWebSocketV2:343] Connection closed due to max retry attempts reached.
[E 241025 19:59:48 webSocket:79] ---------Connection Error Connection closed-----------
[W 241025 19:59:48 smartWebSocketV2:343] Connection closed due to max retry attempts reached.
[W 241025 19:59:50 smartWebSocketV2:319] Attempting to resubscribe/reconnect (Attempt 3)...
[W 241025 19:59:52 smartWebSocketV2:319] Attempting to resubscribe/reconnect (Attempt 2)...
[I 241025 19:59:56 smartConnect:124] in pool
[E 241025 19:59:57 webSocket:79] ---------Connection Error Connection closed-----------
[E 241025 19:59:57 webSocket:79] ---------Connection Error Connection closed-----------
[E 241025 19:59:57 webSocket:79] ---------Connection Error Connection closed-----------
[E 241025 19:59:57 webSocket:79] ---------Connection Error Connection closed-----------
[E 241025 19:59:57 webSocket:79] ---------Connection Error Connection closed-----------
[E 241025 19:59:57 webSocket:79] ---------Connection Error Connection closed-----------
[E 241025 19:59:57 webSocket:79] ---------Connection Error Connection closed-----------
[W 241025 19:59:57 smartWebSocketV2:319] Attempting to resubscribe/reconnect (Attempt 5)...
[W 241025 19:59:57 smartWebSocketV2:319] Attempting to resubscribe/reconnect (Attempt 1)...
[W 241025 20:00:01 smartWebSocketV2:319] Attempting to resubscribe/reconnect (Attempt 4)...
[W 241025 20:00:02 smartWebSocketV2:319] Attempting to resubscribe/reconnect (Attempt 3)...
[I 241025 20:04:14 webSocket:114] on open
[I 241025 20:05:06 smartConnect:124] in pool
[I 241025 20:05:08 webSocket:114] on open
[I 241025 20:05:20 smartConnect:124] in pool
[I 241025 20:05:22 webSocket:114] on open
[I 241025 20:10:36 webSocket:114] on open
[I 241025 20:44:13 webSocket:114] on open
[I 241025 20:44:46 smartConnect:124] in pool
[I 241025 20:44:48 webSocket:114] on open
[I 241025 20:44:58 smartConnect:124] in pool
[I 241025 20:45:00 webSocket:114] on open
[I 241025 20:45:47 webSocket:114] on open
[I 241025 22:04:58 webSocket:114] on open
[I 241025 22:17:16 webSocket:114] on open
